kotlin version: 2.1.21
error message: org.jetbrains.kotlin.backend.common.BackendException: Backend Internal error: Exception during IR lowering
File being compiled: /Users/grensil/AndroidStudioProjects/nhn_gmail/core/ui/src/main/java/com/grensil/ui/component/CachedImage.kt
The root cause java.lang.RuntimeException was thrown at: org.jetbrains.kotlin.backend.jvm.codegen.FunctionCodegen.generate(FunctionCodegen.kt:48)
	at org.jetbrains.kotlin.backend.common.CodegenUtil.reportBackendException(CodegenUtil.kt:107)
	at org.jetbrains.kotlin.backend.common.CodegenUtil.reportBackendException$default(CodegenUtil.kt:90)
	at org.jetbrains.kotlin.backend.common.phaser.PerformByIrFilePhase.invokeSequential(performByIrFile.kt:54)
	at org.jetbrains.kotlin.backend.common.phaser.PerformByIrFilePhase.invoke(performByIrFile.kt:41)
	at org.jetbrains.kotlin.backend.common.phaser.PerformByIrFilePhase.invoke(performByIrFile.kt:27)
	at org.jetbrains.kotlin.config.phaser.CompilerPhaseKt.invokeToplevel(CompilerPhase.kt:62)
	at org.jetbrains.kotlin.backend.jvm.JvmIrCodegenFactory.invokeCodegen(JvmIrCodegenFactory.kt:371)
	at org.jetbrains.kotlin.cli.jvm.compiler.KotlinToJVMBytecodeCompiler.runCodegen$cli(KotlinToJVMBytecodeCompiler.kt:413)
	at org.jetbrains.kotlin.cli.pipeline.jvm.JvmBackendPipelinePhase.executePhase(JvmBackendPipelinePhase.kt:98)
	at org.jetbrains.kotlin.cli.pipeline.jvm.JvmBackendPipelinePhase.executePhase(JvmBackendPipelinePhase.kt:30)
	at org.jetbrains.kotlin.cli.pipeline.PipelinePhase.phaseBody(PipelinePhase.kt:68)
	at org.jetbrains.kotlin.cli.pipeline.PipelinePhase.phaseBody(PipelinePhase.kt:58)
	at org.jetbrains.kotlin.config.phaser.SimpleNamedCompilerPhase.phaseBody(CompilerPhase.kt:215)
	at org.jetbrains.kotlin.config.phaser.NamedCompilerPhase.invoke(CompilerPhase.kt:111)
	at org.jetbrains.kotlin.backend.common.phaser.CompositePhase.invoke(PhaseBuilders.kt:28)
	at org.jetbrains.kotlin.config.phaser.CompilerPhaseKt.invokeToplevel(CompilerPhase.kt:62)
	at org.jetbrains.kotlin.cli.pipeline.AbstractCliPipeline.runPhasedPipeline(AbstractCliPipeline.kt:106)
	at org.jetbrains.kotlin.cli.pipeline.AbstractCliPipeline.execute(AbstractCliPipeline.kt:65)
	at org.jetbrains.kotlin.cli.jvm.K2JVMCompiler.doExecutePhased(K2JVMCompiler.kt:61)
	at org.jetbrains.kotlin.cli.jvm.K2JVMCompiler.doExecutePhased(K2JVMCompiler.kt:36)
	at org.jetbrains.kotlin.cli.common.CLICompiler.execImpl(CLICompiler.kt:80)
	at org.jetbrains.kotlin.cli.common.CLICompiler.exec(CLICompiler.kt:337)
	at org.jetbrains.kotlin.incremental.IncrementalJvmCompilerRunner.runCompiler(IncrementalJvmCompilerRunner.kt:466)
	at org.jetbrains.kotlin.incremental.IncrementalJvmCompilerRunner.runCompiler(IncrementalJvmCompilerRunner.kt:75)
	at org.jetbrains.kotlin.incremental.IncrementalCompilerRunner.doCompile(IncrementalCompilerRunner.kt:514)
	at org.jetbrains.kotlin.incremental.IncrementalCompilerRunner.compileImpl(IncrementalCompilerRunner.kt:431)
	at org.jetbrains.kotlin.incremental.IncrementalCompilerRunner.compileNonIncrementally(IncrementalCompilerRunner.kt:310)
	at org.jetbrains.kotlin.incremental.IncrementalCompilerRunner.compile(IncrementalCompilerRunner.kt:137)
	at org.jetbrains.kotlin.daemon.CompileServiceImplBase.execIncrementalCompiler(CompileServiceImpl.kt:678)
	at org.jetbrains.kotlin.daemon.CompileServiceImplBase.access$execIncrementalCompiler(CompileServiceImpl.kt:92)
	at org.jetbrains.kotlin.daemon.CompileServiceImpl.compile(CompileServiceImpl.kt:1805)
	at java.base/jdk.internal.reflect.DirectMethodHandleAccessor.invoke(Unknown Source)
	at java.base/java.lang.reflect.Method.invoke(Unknown Source)
	at java.rmi/sun.rmi.server.UnicastServerRef.dispatch(Unknown Source)
	at java.rmi/sun.rmi.transport.Transport$1.run(Unknown Source)
	at java.rmi/sun.rmi.transport.Transport$1.run(Unknown Source)
	at java.base/java.security.AccessController.doPrivileged(Unknown Source)
	at java.rmi/sun.rmi.transport.Transport.serviceCall(Unknown Source)
	at java.rmi/sun.rmi.transport.tcp.TCPTransport.handleMessages(Unknown Source)
	at java.rmi/sun.rmi.transport.tcp.TCPTransport$ConnectionHandler.run0(Unknown Source)
	at java.rmi/sun.rmi.transport.tcp.TCPTransport$ConnectionHandler.lambda$run$0(Unknown Source)
	at java.base/java.security.AccessController.doPrivileged(Unknown Source)
	at java.rmi/sun.rmi.transport.tcp.TCPTransport$ConnectionHandler.run(Unknown Source)
	at java.base/java.util.concurrent.ThreadPoolExecutor.runWorker(Unknown Source)
	at java.base/java.util.concurrent.ThreadPoolExecutor$Worker.run(Unknown Source)
	at java.base/java.lang.Thread.run(Unknown Source)
Caused by: java.lang.RuntimeException: Exception while generating code for:
FUN name:CachedImage visibility:public modality:FINAL <> (url:kotlin.String, width:kotlin.Int?, height:kotlin.Int?) returnType:kotlin.Unit
  annotations:
    Composable
  VALUE_PARAMETER name:url index:0 type:kotlin.String
  VALUE_PARAMETER name:width index:1 type:kotlin.Int?
    EXPRESSION_BODY
      ERROR_EXPR 'Default Stub' type=kotlin.Int?
  VALUE_PARAMETER name:height index:2 type:kotlin.Int?
    EXPRESSION_BODY
      ERROR_EXPR 'Default Stub' type=kotlin.Int?
  BLOCK_BODY
    VAR PROPERTY_DELEGATE name:bitmap$delegate type:androidx.compose.runtime.MutableState<android.graphics.Bitmap?> [val]
      CALL 'public final fun remember <T> (calculation: @[DisallowComposableCalls] kotlin.Function0<T of androidx.compose.runtime.ComposablesKt.remember>): T of androidx.compose.runtime.ComposablesKt.remember [inline] declared in androidx.compose.runtime.ComposablesKt' type=androidx.compose.runtime.MutableState<android.graphics.Bitmap?> origin=null
        <T>: androidx.compose.runtime.MutableState<android.graphics.Bitmap?>
        calculation: BLOCK type=kotlin.Function0<androidx.compose.runtime.MutableState<android.graphics.Bitmap?>> origin=LAMBDA
          COMPOSITE type=kotlin.Unit origin=null
          FUNCTION_REFERENCE 'private final fun CachedImage$lambda$0 (): androidx.compose.runtime.MutableState<android.graphics.Bitmap?> declared in com.grensil.ui.component.CachedImageKt' type=kotlin.Function0<androidx.compose.runtime.MutableState<android.graphics.Bitmap?>> origin=INLINE_LAMBDA reflectionTarget=null
    CALL 'public final fun LaunchedEffect (key1: kotlin.Any?, block: @[ExtensionFunctionType] kotlin.coroutines.SuspendFunction1<kotlinx.coroutines.CoroutineScope, kotlin.Unit>): kotlin.Unit declared in androidx.compose.runtime.EffectsKt' type=kotlin.Unit origin=null
      key1: GET_VAR 'url: kotlin.String declared in com.grensil.ui.component.CachedImageKt.CachedImage' type=kotlin.String origin=null
      block: BLOCK type=com.grensil.ui.component.CachedImageKt.CachedImage.<no name provided> origin=null
        CLASS SUSPEND_LAMBDA CLASS name:<no name provided> modality:FINAL visibility:public/*package*/ superTypes:[kotlin.coroutines.jvm.internal.SuspendLambda; kotlin.jvm.functions.Function2<kotlinx.coroutines.CoroutineScope, kotlin.coroutines.Continuation<kotlin.Unit>?, kotlin.Any?>]
          $this: VALUE_PARAMETER INSTANCE_RECEIVER name:<this> type:com.grensil.ui.component.CachedImageKt.CachedImage.<no name provided>
          FIELD name:label type:kotlin.Int visibility:public/*package*/
          CONSTRUCTOR SUSPEND_LAMBDA visibility:public/*package*/ <> ($url:kotlin.String, $width:kotlin.Int?, $height:kotlin.Int?, $bitmap$delegate:androidx.compose.runtime.MutableState<android.graphics.Bitmap?>, $completion:kotlin.coroutines.Continuation<com.grensil.ui.component.CachedImageKt.CachedImage.<no name provided>>?) returnType:com.grensil.ui.component.CachedImageKt.CachedImage.<no name provided> [primary]
            VALUE_PARAMETER BOUND_VALUE_PARAMETER name:$url index:0 type:kotlin.String
            VALUE_PARAMETER BOUND_VALUE_PARAMETER name:$width index:1 type:kotlin.Int?
            VALUE_PARAMETER BOUND_VALUE_PARAMETER name:$height index:2 type:kotlin.Int?
            VALUE_PARAMETER BOUND_VALUE_PARAMETER name:$bitmap$delegate index:3 type:androidx.compose.runtime.MutableState<android.graphics.Bitmap?>
            VALUE_PARAMETER name:$completion index:4 type:kotlin.coroutines.Continuation<com.grensil.ui.component.CachedImageKt.CachedImage.<no name provided>>?
            BLOCK_BODY
              SET_FIELD 'FIELD FIELD_FOR_CAPTURED_VALUE name:$url type:kotlin.String visibility:public/*package*/ [final] declared in com.grensil.ui.component.CachedImageKt.CachedImage.<no name provided>' type=kotlin.Unit origin=INITIALIZER_OF_FIELD_FOR_CAPTURED_VALUE
                receiver: GET_VAR '<this>: com.grensil.ui.component.CachedImageKt.CachedImage.<no name provided> declared in com.grensil.ui.component.CachedImageKt.CachedImage.<no name provided>' type=com.grensil.ui.component.CachedImageKt.CachedImage.<no name provided> origin=null
                value: GET_VAR '$url: kotlin.String declared in com.grensil.ui.component.CachedImageKt.CachedImage.<no name provided>.<init>' type=kotlin.String origin=null
              SET_FIELD 'FIELD FIELD_FOR_CAPTURED_VALUE name:$width type:kotlin.Int? visibility:public/*package*/ [final] declared in com.grensil.ui.component.CachedImageKt.CachedImage.<no name provided>' type=kotlin.Unit origin=INITIALIZER_OF_FIELD_FOR_CAPTURED_VALUE
                receiver: GET_VAR '<this>: com.grensil.ui.component.CachedImageKt.CachedImage.<no name provided> declared in com.grensil.ui.component.CachedImageKt.CachedImage.<no name provided>' type=com.grensil.ui.component.CachedImageKt.CachedImage.<no name provided> origin=null
                value: GET_VAR '$width: kotlin.Int? declared in com.grensil.ui.component.CachedImageKt.CachedImage.<no name provided>.<init>' type=kotlin.Int? origin=null
              SET_FIELD 'FIELD FIELD_FOR_CAPTURED_VALUE name:$height type:kotlin.Int? visibility:public/*package*/ [final] declared in com.grensil.ui.component.CachedImageKt.CachedImage.<no name provided>' type=kotlin.Unit origin=INITIALIZER_OF_FIELD_FOR_CAPTURED_VALUE
                receiver: GET_VAR '<this>: com.grensil.ui.component.CachedImageKt.CachedImage.<no name provided> declared in com.grensil.ui.component.CachedImageKt.CachedImage.<no name provided>' type=com.grensil.ui.component.CachedImageKt.CachedImage.<no name provided> origin=null
                value: GET_VAR '$height: kotlin.Int? declared in com.grensil.ui.component.CachedImageKt.CachedImage.<no name provided>.<init>' type=kotlin.Int? origin=null
              SET_FIELD 'FIELD FIELD_FOR_CAPTURED_VALUE name:$bitmap$delegate type:androidx.compose.runtime.MutableState<android.graphics.Bitmap?> visibility:public/*package*/ [final] declared in com.grensil.ui.component.CachedImageKt.CachedImage.<no name provided>' type=kotlin.Unit origin=INITIALIZER_OF_FIELD_FOR_CAPTURED_VALUE
                receiver: GET_VAR '<this>: com.grensil.ui.component.CachedImageKt.CachedImage.<no name provided> declared in com.grensil.ui.component.CachedImageKt.CachedImage.<no name provided>' type=com.grensil.ui.component.CachedImageKt.CachedImage.<no name provided> origin=null
                value: GET_VAR '$bitmap$delegate: androidx.compose.runtime.MutableState<android.graphics.Bitmap?> declared in com.grensil.ui.component.CachedImageKt.CachedImage.<no name provided>.<init>' type=androidx.compose.runtime.MutableState<android.graphics.Bitmap?> origin=null
              DELEGATING_CONSTRUCTOR_CALL 'public constructor <init> (arity: kotlin.Int, $completion: kotlin.coroutines.Continuation<kotlin.Any?>?) declared in kotlin.coroutines.jvm.internal.SuspendLambda'
                arity: CONST Int type=kotlin.Int value=2
                $completion: GET_VAR '$completion: kotlin.coroutines.Continuation<com.grensil.ui.component.CachedImageKt.CachedImage.<no name provided>>? declared in com.grensil.ui.component.CachedImageKt.CachedImage.<no name provided>.<init>' type=kotlin.coroutines.Continuation<com.grensil.ui.component.CachedImageKt.CachedImage.<no name provided>>? origin=null
              BLOCK type=kotlin.Unit origin=null
          FUN name:invokeSuspend visibility:public modality:FINAL <> ($this:com.grensil.ui.component.CachedImageKt.CachedImage.<no name provided>, $result:kotlin.Result<kotlin.Any?>) returnType:kotlin.Any?
            overridden:
              protected abstract fun invokeSuspend ($result: kotlin.Result<kotlin.Any?>): kotlin.Any? declared in kotlin.coroutines.jvm.internal.SuspendLambda
            $this: VALUE_PARAMETER INSTANCE_RECEIVER name:<this> type:com.grensil.ui.component.CachedImageKt.CachedImage.<no name provided>
            VALUE_PARAMETER name:$result index:0 type:kotlin.Result<kotlin.Any?>
            BLOCK_BODY
              CALL 'public final fun access$CachedImage$lambda$2 ($bitmap$delegate: androidx.compose.runtime.MutableState<android.graphics.Bitmap?>, <set-?>: android.graphics.Bitmap?): kotlin.Unit declared in com.grensil.ui.component.CachedImageKt' type=kotlin.Unit origin=EQ
                $bitmap$delegate: GET_FIELD 'FIELD FIELD_FOR_CAPTURED_VALUE name:$bitmap$delegate type:androidx.compose.runtime.MutableState<android.graphics.Bitmap?> visibility:public/*package*/ [final] declared in com.grensil.ui.component.CachedImageKt.CachedImage.<no name provided>' type=androidx.compose.runtime.MutableState<android.graphics.Bitmap?> origin=null
                  receiver: GET_VAR '<this>: com.grensil.ui.component.CachedImageKt.CachedImage.<no name provided> declared in com.grensil.ui.component.CachedImageKt.CachedImage.<no name provided>.invokeSuspend' type=com.grensil.ui.component.CachedImageKt.CachedImage.<no name provided> origin=null
                <set-?>: CALL 'public final fun loadBitmapFromUrl (url: kotlin.String, width: kotlin.Int?, height: kotlin.Int?, $completion: kotlin.coroutines.Continuation<android.graphics.Bitmap?>): kotlin.Any? [suspend] declared in com.grensil.ui.image.ThumbnailLoaderKt' type=android.graphics.Bitmap? origin=null
                  url: GET_FIELD 'FIELD FIELD_FOR_CAPTURED_VALUE name:$url type:kotlin.String visibility:public/*package*/ [final] declared in com.grensil.ui.component.CachedImageKt.CachedImage.<no name provided>' type=kotlin.String origin=null
                    receiver: GET_VAR '<this>: com.grensil.ui.component.CachedImageKt.CachedImage.<no name provided> declared in com.grensil.ui.component.CachedImageKt.CachedImage.<no name provided>.invokeSuspend' type=com.grensil.ui.component.CachedImageKt.CachedImage.<no name provided> origin=null
                  width: GET_FIELD 'FIELD FIELD_FOR_CAPTURED_VALUE name:$width type:kotlin.Int? visibility:public/*package*/ [final] declared in com.grensil.ui.component.CachedImageKt.CachedImage.<no name provided>' type=kotlin.Int? origin=null
                    receiver: GET_VAR '<this>: com.grensil.ui.component.CachedImageKt.CachedImage.<no name provided> declared in com.grensil.ui.component.CachedImageKt.CachedImage.<no name provided>.invokeSuspend' type=com.grensil.ui.component.CachedImageKt.CachedImage.<no name provided> origin=null
                  height: GET_FIELD 'FIELD FIELD_FOR_CAPTURED_VALUE name:$height type:kotlin.Int? visibility:public/*package*/ [final] declared in com.grensil.ui.component.CachedImageKt.CachedImage.<no name provided>' type=kotlin.Int? origin=null
                    receiver: GET_VAR '<this>: com.grensil.ui.component.CachedImageKt.CachedImage.<no name provided> declared in com.grensil.ui.component.CachedImageKt.CachedImage.<no name provided>.invokeSuspend' type=com.grensil.ui.component.CachedImageKt.CachedImage.<no name provided> origin=null
                  $completion: GET_VAR '<this>: com.grensil.ui.component.CachedImageKt.CachedImage.<no name provided> declared in com.grensil.ui.component.CachedImageKt.CachedImage.<no name provided>.invokeSuspend' type=com.grensil.ui.component.CachedImageKt.CachedImage.<no name provided> origin=null
          FUN name:create visibility:public modality:FINAL <> ($this:com.grensil.ui.component.CachedImageKt.CachedImage.<no name provided>, value:kotlin.Any?, $completion:kotlin.coroutines.Continuation<kotlin.Nothing>) returnType:kotlin.coroutines.Continuation<kotlin.Unit>
            overridden:
              public open fun create (value: kotlin.Any?, $completion: kotlin.coroutines.Continuation<kotlin.Nothing>): kotlin.coroutines.Continuation<kotlin.Unit> declared in kotlin.coroutines.jvm.internal.SuspendLambda
            $this: VALUE_PARAMETER INSTANCE_RECEIVER name:<this> type:com.grensil.ui.component.CachedImageKt.CachedImage.<no name provided>
            VALUE_PARAMETER name:value index:0 type:kotlin.Any?
            VALUE_PARAMETER name:$completion index:1 type:kotlin.coroutines.Continuation<kotlin.Nothing>
            BLOCK_BODY
              RETURN type=kotlin.Nothing from='public final fun create (value: kotlin.Any?, $completion: kotlin.coroutines.Continuation<kotlin.Nothing>): kotlin.coroutines.Continuation<kotlin.Unit> declared in com.grensil.ui.component.CachedImageKt.CachedImage.<no name provided>'
                CONSTRUCTOR_CALL 'public/*package*/ constructor <init> ($url: kotlin.String, $width: kotlin.Int?, $height: kotlin.Int?, $bitmap$delegate: androidx.compose.runtime.MutableState<android.graphics.Bitmap?>, $completion: kotlin.coroutines.Continuation<com.grensil.ui.component.CachedImageKt.CachedImage.<no name provided>>?) [primary] declared in com.grensil.ui.component.CachedImageKt.CachedImage.<no name provided>' type=com.grensil.ui.component.CachedImageKt.CachedImage.<no name provided> origin=null
                  $url: GET_FIELD 'FIELD FIELD_FOR_CAPTURED_VALUE name:$url type:kotlin.String visibility:public/*package*/ [final] declared in com.grensil.ui.component.CachedImageKt.CachedImage.<no name provided>' type=kotlin.String origin=null
                    receiver: GET_VAR '<this>: com.grensil.ui.component.CachedImageKt.CachedImage.<no name provided> declared in com.grensil.ui.component.CachedImageKt.CachedImage.<no name provided>.create' type=com.grensil.ui.component.CachedImageKt.CachedImage.<no name provided> origin=null
                  $width: GET_FIELD 'FIELD FIELD_FOR_CAPTURED_VALUE name:$width type:kotlin.Int? visibility:public/*package*/ [final] declared in com.grensil.ui.component.CachedImageKt.CachedImage.<no name provided>' type=kotlin.Int? origin=null
                    receiver: GET_VAR '<this>: com.grensil.ui.component.CachedImageKt.CachedImage.<no name provided> declared in com.grensil.ui.component.CachedImageKt.CachedImage.<no name provided>.create' type=com.grensil.ui.component.CachedImageKt.CachedImage.<no name provided> origin=null
                  $height: GET_FIELD 'FIELD FIELD_FOR_CAPTURED_VALUE name:$height type:kotlin.Int? visibility:public/*package*/ [final] declared in com.grensil.ui.component.CachedImageKt.CachedImage.<no name provided>' type=kotlin.Int? origin=null
                    receiver: GET_VAR '<this>: com.grensil.ui.component.CachedImageKt.CachedImage.<no name provided> declared in com.grensil.ui.component.CachedImageKt.CachedImage.<no name provided>.create' type=com.grensil.ui.component.CachedImageKt.CachedImage.<no name provided> origin=null
                  $bitmap$delegate: GET_FIELD 'FIELD FIELD_FOR_CAPTURED_VALUE name:$bitmap$delegate type:androidx.compose.runtime.MutableState<android.graphics.Bitmap?> visibility:public/*package*/ [final] declared in com.grensil.ui.component.CachedImageKt.CachedImage.<no name provided>' type=androidx.compose.runtime.MutableState<android.graphics.Bitmap?> origin=null
                    receiver: GET_VAR '<this>: com.grensil.ui.component.CachedImageKt.CachedImage.<no name provided> declared in com.grensil.ui.component.CachedImageKt.CachedImage.<no name provided>.create' type=com.grensil.ui.component.CachedImageKt.CachedImage.<no name provided> origin=null
                  $completion: GET_VAR '$completion: kotlin.coroutines.Continuation<kotlin.Nothing> declared in com.grensil.ui.component.CachedImageKt.CachedImage.<no name provided>.create' type=kotlin.coroutines.Continuation<kotlin.Nothing> origin=null
          FUN name:invoke visibility:public modality:FINAL <> ($this:com.grensil.ui.component.CachedImageKt.CachedImage.<no name provided>, p1:kotlinx.coroutines.CoroutineScope, p2:kotlin.coroutines.Continuation<kotlin.Unit>?) returnType:kotlin.Any?
            overridden:
              public abstract fun invoke (p1: P1 of kotlin.jvm.functions.Function2, p2: P2 of kotlin.jvm.functions.Function2): R of kotlin.jvm.functions.Function2 declared in kotlin.jvm.functions.Function2
            $this: VALUE_PARAMETER INSTANCE_RECEIVER name:<this> type:com.grensil.ui.component.CachedImageKt.CachedImage.<no name provided>
            VALUE_PARAMETER name:p1 index:0 type:kotlinx.coroutines.CoroutineScope
            VALUE_PARAMETER name:p2 index:1 type:kotlin.coroutines.Continuation<kotlin.Unit>?
            BLOCK_BODY
              RETURN type=kotlin.Nothing from='public final fun invoke (p1: kotlinx.coroutines.CoroutineScope, p2: kotlin.coroutines.Continuation<kotlin.Unit>?): kotlin.Any? declared in com.grensil.ui.component.CachedImageKt.CachedImage.<no name provided>'
                CALL 'public final fun invokeSuspend ($result: kotlin.Result<kotlin.Any?>): kotlin.Any? declared in com.grensil.ui.component.CachedImageKt.CachedImage.<no name provided>' type=kotlin.Any? origin=null
                  $this: TYPE_OP type=com.grensil.ui.component.CachedImageKt.CachedImage.<no name provided> origin=IMPLICIT_CAST typeOperand=com.grensil.ui.component.CachedImageKt.CachedImage.<no name provided>
                    CALL 'public final fun create (value: kotlin.Any?, $completion: kotlin.coroutines.Continuation<kotlin.Nothing>): kotlin.coroutines.Continuation<kotlin.Unit> declared in com.grensil.ui.component.CachedImageKt.CachedImage.<no name provided>' type=kotlin.coroutines.Continuation<kotlin.Unit> origin=null
                      $this: GET_VAR '<this>: com.grensil.ui.component.CachedImageKt.CachedImage.<no name provided> declared in com.grensil.ui.component.CachedImageKt.CachedImage.<no name provided>.invoke' type=com.grensil.ui.component.CachedImageKt.CachedImage.<no name provided> origin=null
                      value: GET_VAR 'p1: kotlinx.coroutines.CoroutineScope declared in com.grensil.ui.component.CachedImageKt.CachedImage.<no name provided>.invoke' type=kotlinx.coroutines.CoroutineScope origin=null
                      $completion: GET_VAR 'p2: kotlin.coroutines.Continuation<kotlin.Unit>? declared in com.grensil.ui.component.CachedImageKt.CachedImage.<no name provided>.invoke' type=kotlin.coroutines.Continuation<kotlin.Unit>? origin=null
                  $result: CALL 'public final fun <unsafe-coerce> <T, R> (v: T of kotlin.jvm.internal.<unsafe-coerce>): R of kotlin.jvm.internal.<unsafe-coerce> declared in kotlin.jvm.internal' type=kotlin.Result<kotlin.Any?> origin=null
                    <T>: kotlin.Any?
                    <R>: kotlin.Result<kotlin.Any?>
                    v: GET_FIELD 'FIELD FIELD_FOR_OBJECT_INSTANCE name:INSTANCE type:kotlin.Unit visibility:public [final,static] declared in kotlin.Unit' type=kotlin.Unit origin=null
          FIELD FIELD_FOR_CAPTURED_VALUE name:$url type:kotlin.String visibility:public/*package*/ [final]
          FIELD FIELD_FOR_CAPTURED_VALUE name:$width type:kotlin.Int? visibility:public/*package*/ [final]
          FIELD FIELD_FOR_CAPTURED_VALUE name:$height type:kotlin.Int? visibility:public/*package*/ [final]
          FIELD FIELD_FOR_CAPTURED_VALUE name:$bitmap$delegate type:androidx.compose.runtime.MutableState<android.graphics.Bitmap?> visibility:public/*package*/ [final]
          FUN BRIDGE name:invoke visibility:public modality:OPEN <> ($this:com.grensil.ui.component.CachedImageKt.CachedImage.<no name provided>, p1:kotlin.Any?, p2:kotlin.Any?) returnType:kotlin.Any?
            $this: VALUE_PARAMETER INSTANCE_RECEIVER name:<this> type:com.grensil.ui.component.CachedImageKt.CachedImage.<no name provided>
            VALUE_PARAMETER BRIDGE name:p1 index:0 type:kotlin.Any?
            VALUE_PARAMETER BRIDGE name:p2 index:1 type:kotlin.Any?
            EXPRESSION_BODY
              RETURN type=kotlin.Nothing from='public open fun invoke (p1: kotlin.Any?, p2: kotlin.Any?): kotlin.Any? declared in com.grensil.ui.component.CachedImageKt.CachedImage.<no name provided>'
                CALL 'public final fun invoke (p1: kotlinx.coroutines.CoroutineScope, p2: kotlin.coroutines.Continuation<kotlin.Unit>?): kotlin.Any? declared in com.grensil.ui.component.CachedImageKt.CachedImage.<no name provided>' type=kotlin.Any? origin=BRIDGE_DELEGATION
                  $this: GET_VAR '<this>: com.grensil.ui.component.CachedImageKt.CachedImage.<no name provided> declared in com.grensil.ui.component.CachedImageKt.CachedImage.<no name provided>.invoke' type=com.grensil.ui.component.CachedImageKt.CachedImage.<no name provided> origin=null
                  p1: TYPE_OP type=kotlinx.coroutines.CoroutineScope origin=IMPLICIT_CAST typeOperand=kotlinx.coroutines.CoroutineScope
                    GET_VAR 'p1: kotlin.Any? declared in com.grensil.ui.component.CachedImageKt.CachedImage.<no name provided>.invoke' type=kotlin.Any? origin=null
                  p2: TYPE_OP type=kotlin.coroutines.Continuation<*> origin=IMPLICIT_CAST typeOperand=kotlin.coroutines.Continuation<*>
                    GET_VAR 'p2: kotlin.Any? declared in com.grensil.ui.component.CachedImageKt.CachedImage.<no name provided>.invoke' type=kotlin.Any? origin=null
        CONSTRUCTOR_CALL 'public/*package*/ constructor <init> ($url: kotlin.String, $width: kotlin.Int?, $height: kotlin.Int?, $bitmap$delegate: androidx.compose.runtime.MutableState<android.graphics.Bitmap?>, $completion: kotlin.coroutines.Continuation<com.grensil.ui.component.CachedImageKt.CachedImage.<no name provided>>?) [primary] declared in com.grensil.ui.component.CachedImageKt.CachedImage.<no name provided>' type=com.grensil.ui.component.CachedImageKt.CachedImage.<no name provided> origin=null
          $url: GET_VAR 'url: kotlin.String declared in com.grensil.ui.component.CachedImageKt.CachedImage' type=kotlin.String origin=null
          $width: GET_VAR 'width: kotlin.Int? declared in com.grensil.ui.component.CachedImageKt.CachedImage' type=kotlin.Int? origin=null
          $height: GET_VAR 'height: kotlin.Int? declared in com.grensil.ui.component.CachedImageKt.CachedImage' type=kotlin.Int? origin=null
          $bitmap$delegate: GET_VAR 'val bitmap$delegate: androidx.compose.runtime.MutableState<android.graphics.Bitmap?> [val] declared in com.grensil.ui.component.CachedImageKt.CachedImage' type=androidx.compose.runtime.MutableState<android.graphics.Bitmap?> origin=null
          $completion: CONST Null type=kotlin.Nothing? value=null
    WHEN type=kotlin.Unit origin=IF
      BRANCH
        if: CALL 'public final fun not (): kotlin.Boolean [operator] declared in kotlin.Boolean' type=kotlin.Boolean origin=EXCLEQ
          $this: CALL 'public final fun EQEQ (arg0: kotlin.Any?, arg1: kotlin.Any?): kotlin.Boolean declared in kotlin.internal.ir' type=kotlin.Boolean origin=EXCLEQ
            arg0: CALL 'private final fun CachedImage$lambda$1 ($bitmap$delegate: androidx.compose.runtime.MutableState<android.graphics.Bitmap?>): android.graphics.Bitmap? declared in com.grensil.ui.component.CachedImageKt' type=android.graphics.Bitmap? origin=GET_LOCAL_PROPERTY
              $bitmap$delegate: GET_VAR 'val bitmap$delegate: androidx.compose.runtime.MutableState<android.graphics.Bitmap?> [val] declared in com.grensil.ui.component.CachedImageKt.CachedImage' type=androidx.compose.runtime.MutableState<android.graphics.Bitmap?> origin=null
            arg1: CONST Null type=kotlin.Nothing? value=null
        then: BLOCK type=kotlin.Unit origin=null
          CALL 'public final fun Image-qoPtbrQ$default (bitmap: androidx.compose.ui.graphics.ImageBitmap, contentDescription: kotlin.String?, modifier: androidx.compose.ui.Modifier?, alignment: androidx.compose.ui.Alignment?, contentScale: androidx.compose.ui.layout.ContentScale?, alpha: kotlin.Float, colorFilter: androidx.compose.ui.graphics.ColorFilter?, filterQuality: androidx.compose.ui.graphics.FilterQuality, $mask0: kotlin.Int, $handler: kotlin.Any?): kotlin.Unit declared in androidx.compose.foundation.ImageKt' type=kotlin.Unit origin=DEFAULT_DISPATCH_CALL
            bitmap: CALL 'public final fun asImageBitmap (): androidx.compose.ui.graphics.ImageBitmap declared in androidx.compose.ui.graphics.AndroidImageBitmap_androidKt' type=androidx.compose.ui.graphics.ImageBitmap origin=null
              $receiver: CALL 'public final fun CHECK_NOT_NULL <T0> (arg0: T0 of kotlin.internal.ir.CHECK_NOT_NULL?): {T0 of kotlin.internal.ir.CHECK_NOT_NULL & Any} declared in kotlin.internal.ir' type=android.graphics.Bitmap origin=EXCLEXCL
                <T0>: android.graphics.Bitmap
                arg0: CALL 'private final fun CachedImage$lambda$1 ($bitmap$delegate: androidx.compose.runtime.MutableState<android.graphics.Bitmap?>): android.graphics.Bitmap? declared in com.grensil.ui.component.CachedImageKt' type=android.graphics.Bitmap? origin=GET_LOCAL_PROPERTY
                  $bitmap$delegate: GET_VAR 'val bitmap$delegate: androidx.compose.runtime.MutableState<android.graphics.Bitmap?> [val] declared in com.grensil.ui.component.CachedImageKt.CachedImage' type=androidx.compose.runtime.MutableState<android.graphics.Bitmap?> origin=null
            contentDescription: CONST Null type=kotlin.Nothing? value=null
            modifier: COMPOSITE type=androidx.compose.ui.Modifier? origin=DEFAULT_VALUE
              CONST Null type=androidx.compose.ui.Modifier? value=null
            alignment: COMPOSITE type=androidx.compose.ui.Alignment? origin=DEFAULT_VALUE
              CONST Null type=androidx.compose.ui.Alignment? value=null
            contentScale: CALL 'public final fun <get-Crop> (): androidx.compose.ui.layout.ContentScale declared in androidx.compose.ui.layout.ContentScale.Companion' type=androidx.compose.ui.layout.ContentScale origin=GET_PROPERTY
              $this: GET_FIELD 'FIELD FIELD_FOR_OBJECT_INSTANCE name:Companion type:androidx.compose.ui.layout.ContentScale.Companion visibility:public [final,static] declared in androidx.compose.ui.layout.ContentScale' type=androidx.compose.ui.layout.ContentScale.Companion origin=null
            alpha: COMPOSITE type=kotlin.Float origin=DEFAULT_VALUE
              CONST Float type=kotlin.Float value=0.0
            colorFilter: COMPOSITE type=androidx.compose.ui.graphics.ColorFilter? origin=DEFAULT_VALUE
              CONST Null type=androidx.compose.ui.graphics.ColorFilter? value=null
            filterQuality: COMPOSITE type=androidx.compose.ui.graphics.FilterQuality origin=DEFAULT_VALUE
              CALL 'public final fun <unsafe-coerce> <T, R> (v: T of kotlin.jvm.internal.<unsafe-coerce>): R of kotlin.jvm.internal.<unsafe-coerce> declared in kotlin.jvm.internal' type=androidx.compose.ui.graphics.FilterQuality origin=null
                <T>: kotlin.Int
                <R>: androidx.compose.ui.graphics.FilterQuality
                v: CONST Int type=kotlin.Int value=0
            $mask0: CONST Int type=kotlin.Int value=236
            $handler: CONST Null type=kotlin.Any? value=null
      BRANCH
        if: CONST Boolean type=kotlin.Boolean value=true
        then: BLOCK type=kotlin.Unit origin=null
          CALL 'public final fun Box (modifier: androidx.compose.ui.Modifier): kotlin.Unit declared in androidx.compose.foundation.layout.BoxKt' type=kotlin.Unit origin=null
            modifier: CALL 'public final fun background-bw27NRU$default (color: androidx.compose.ui.graphics.Color, shape: androidx.compose.ui.graphics.Shape?, $mask0: kotlin.Int, $handler: kotlin.Any?): androidx.compose.ui.Modifier declared in androidx.compose.foundation.BackgroundKt' type=androidx.compose.ui.Modifier origin=DEFAULT_DISPATCH_CALL
              $receiver: GET_FIELD 'FIELD FIELD_FOR_OBJECT_INSTANCE name:Companion type:androidx.compose.ui.Modifier.Companion visibility:public [final,static] declared in androidx.compose.ui.Modifier' type=androidx.compose.ui.Modifier.Companion origin=null
              color: CALL 'public final fun getGray-0d7_KjU (): androidx.compose.ui.graphics.Color declared in androidx.compose.ui.graphics.Color.Companion' type=androidx.compose.ui.graphics.Color origin=GET_PROPERTY
                $this: GET_FIELD 'FIELD FIELD_FOR_OBJECT_INSTANCE name:Companion type:androidx.compose.ui.graphics.Color.Companion visibility:public [final,static] declared in androidx.compose.ui.graphics.Color' type=androidx.compose.ui.graphics.Color.Companion origin=null
              shape: COMPOSITE type=androidx.compose.ui.graphics.Shape? origin=DEFAULT_VALUE
                CONST Null type=androidx.compose.ui.graphics.Shape? value=null
              $mask0: CONST Int type=kotlin.Int value=2
              $handler: CONST Null type=kotlin.Any? value=null

	at org.jetbrains.kotlin.backend.jvm.codegen.FunctionCodegen.generate(FunctionCodegen.kt:48)
	at org.jetbrains.kotlin.backend.jvm.codegen.FunctionCodegen.generate$default(FunctionCodegen.kt:41)
	at org.jetbrains.kotlin.backend.jvm.codegen.ClassCodegen.generateMethodNode(ClassCodegen.kt:405)
	at org.jetbrains.kotlin.backend.jvm.codegen.ClassCodegen.generateMethod(ClassCodegen.kt:422)
	at org.jetbrains.kotlin.backend.jvm.codegen.ClassCodegen.generate(ClassCodegen.kt:167)
	at org.jetbrains.kotlin.backend.jvm.JvmIrCodegenFactory.generateFile$lambda$18(JvmIrCodegenFactory.kt:398)
	at org.jetbrains.kotlin.backend.common.phaser.PhaseBuildersKt$createSimpleNamedCompilerPhase$1.phaseBody(PhaseBuilders.kt:68)
	at org.jetbrains.kotlin.config.phaser.SimpleNamedCompilerPhase.phaseBody(CompilerPhase.kt:215)
	at org.jetbrains.kotlin.config.phaser.NamedCompilerPhase.invoke(CompilerPhase.kt:111)
	at org.jetbrains.kotlin.backend.common.phaser.PerformByIrFilePhase.invokeSequential(performByIrFile.kt:51)
	... 43 more
Caused by: org.jetbrains.kotlin.codegen.CompilationException: Back-end (JVM) Internal error: Couldn't inline method call: CALL 'public final fun remember <T> (calculation: @[DisallowComposableCalls] kotlin.Function0<T of androidx.compose.runtime.ComposablesKt.remember>): T of androidx.compose.runtime.ComposablesKt.remember [inline] declared in androidx.compose.runtime.ComposablesKt' type=androidx.compose.runtime.MutableState<android.graphics.Bitmap?> origin=null
Method: null
File is unknown
The root cause java.lang.IllegalStateException was thrown at: org.jetbrains.kotlin.codegen.inline.SourceCompilerForInlineKt.getMethodNode(SourceCompilerForInline.kt:128)
	at org.jetbrains.kotlin.codegen.inline.InlineCodegen.performInline(InlineCodegen.kt:65)
	at org.jetbrains.kotlin.backend.jvm.codegen.IrInlineCodegen.genInlineCall(IrInlineCodegen.kt:163)
	at org.jetbrains.kotlin.backend.jvm.codegen.IrInlineCallGenerator.genCall(IrInlineCallGenerator.kt:36)
	at org.jetbrains.kotlin.backend.jvm.codegen.ExpressionCodegen.visitCall(ExpressionCodegen.kt:594)
	at org.jetbrains.kotlin.backend.jvm.codegen.ExpressionCodegen.visitCall(ExpressionCodegen.kt:135)
	at org.jetbrains.kotlin.ir.expressions.IrCall.accept(IrCall.kt:24)
	at org.jetbrains.kotlin.backend.jvm.codegen.ExpressionCodegen.visitVariable(ExpressionCodegen.kt:734)
	at org.jetbrains.kotlin.backend.jvm.codegen.ExpressionCodegen.visitVariable(ExpressionCodegen.kt:135)
	at org.jetbrains.kotlin.ir.declarations.IrVariable.accept(IrVariable.kt:36)
	at org.jetbrains.kotlin.backend.jvm.codegen.ExpressionCodegen.visitStatementContainer(ExpressionCodegen.kt:520)
	at org.jetbrains.kotlin.backend.jvm.codegen.ExpressionCodegen.visitBlockBody(ExpressionCodegen.kt:525)
	at org.jetbrains.kotlin.backend.jvm.codegen.ExpressionCodegen.visitBlockBody(ExpressionCodegen.kt:135)
	at org.jetbrains.kotlin.ir.expressions.IrBlockBody.accept(IrBlockBody.kt:20)
	at org.jetbrains.kotlin.backend.jvm.codegen.ExpressionCodegen.generate(ExpressionCodegen.kt:237)
	at org.jetbrains.kotlin.backend.jvm.codegen.FunctionCodegen.doGenerate(FunctionCodegen.kt:124)
	at org.jetbrains.kotlin.backend.jvm.codegen.FunctionCodegen.generate(FunctionCodegen.kt:45)
	... 52 more
Caused by: java.lang.IllegalStateException: couldn't find inline method Landroidx/compose/runtime/ComposablesKt;.remember(Lkotlin/jvm/functions/Function0;)Ljava/lang/Object;
	at org.jetbrains.kotlin.codegen.inline.SourceCompilerForInlineKt.getMethodNode(SourceCompilerForInline.kt:128)
	at org.jetbrains.kotlin.codegen.inline.SourceCompilerForInlineKt.loadCompiledInlineFunction(SourceCompilerForInline.kt:97)
	at org.jetbrains.kotlin.backend.jvm.codegen.IrSourceCompilerForInline.compileInlineFunction(IrSourceCompilerForInline.kt:92)
	at org.jetbrains.kotlin.codegen.inline.InlineCodegen.compileInline(InlineCodegen.kt:42)
	at org.jetbrains.kotlin.codegen.inline.InlineCodegen.performInline(InlineCodegen.kt:50)
	... 67 more


